# JRE version: OpenJDK Runtime Environment (11.0.2+9) (build 11.0.2+9)
# Java VM: OpenJDK 64-Bit Server VM (11.0.2+9, mixed mode, tiered, compressed oops, g1 gc, bsd-amd64)
Heap:
 garbage-first heap   total 262144K, used 33520K [0x0000000700000000, 0x0000000800000000)
  region size 1024K, 12 young (12288K), 10 survivors (10240K)
 Metaspace       used 25300K, capacity 25907K, committed 26240K, reserved 1073152K
  class space    used 2810K, capacity 3083K, committed 3200K, reserved 1048576K
GC Heap History (10 events):
Event: 1.951 GC heap before
{Heap before GC invocations=1 (full 0):
 garbage-first heap   total 262144K, used 8308K [0x0000000700000000, 0x0000000800000000)
  region size 1024K, 7 young (7168K), 3 survivors (3072K)
 Metaspace       used 20637K, capacity 21082K, committed 21248K, reserved 1067008K
  class space    used 2508K, capacity 2738K, committed 2816K, reserved 1048576K
}
Event: 1.955 GC heap after
{Heap after GC invocations=2 (full 0):
 garbage-first heap   total 262144K, used 5802K [0x0000000700000000, 0x0000000800000000)
  region size 1024K, 4 young (4096K), 4 survivors (4096K)
 Metaspace       used 20637K, capacity 21082K, committed 21248K, reserved 1067008K
  class space    used 2508K, capacity 2738K, committed 2816K, reserved 1048576K
}
Event: 275.650 GC heap before
{Heap before GC invocations=3 (full 0):
 garbage-first heap   total 262144K, used 26282K [0x0000000700000000, 0x0000000800000000)
  region size 1024K, 25 young (25600K), 4 survivors (4096K)
 Metaspace       used 23635K, capacity 24188K, committed 24576K, reserved 1071104K
  class space    used 2757K, capacity 3009K, committed 3072K, reserved 1048576K
}
Event: 275.657 GC heap after
{Heap after GC invocations=4 (full 0):
 garbage-first heap   total 262144K, used 12888K [0x0000000700000000, 0x0000000800000000)
  region size 1024K, 4 young (4096K), 4 survivors (4096K)
 Metaspace       used 23635K, capacity 24188K, committed 24576K, reserved 1071104K
  class space    used 2757K, capacity 3009K, committed 3072K, reserved 1048576K
}
Event: 1884.850 GC heap before
{Heap before GC invocations=4 (full 0):
 garbage-first heap   total 262144K, used 72280K [0x0000000700000000, 0x0000000800000000)
  region size 1024K, 63 young (64512K), 4 survivors (4096K)
 Metaspace       used 24276K, capacity 24890K, committed 25088K, reserved 1071104K
  class space    used 2764K, capacity 3044K, committed 3072K, reserved 1048576K
}
Event: 1884.855 GC heap after
{Heap after GC invocations=5 (full 0):
 garbage-first heap   total 262144K, used 18746K [0x0000000700000000, 0x0000000800000000)
  region size 1024K, 8 young (8192K), 8 survivors (8192K)
 Metaspace       used 24276K, capacity 24890K, committed 25088K, reserved 1071104K
  class space    used 2764K, capacity 3044K, committed 3072K, reserved 1048576K
}
Event: 4338.875 GC heap before
{Heap before GC invocations=5 (full 0):
 garbage-first heap   total 262144K, used 139578K [0x0000000700000000, 0x0000000800000000)
  region size 1024K, 126 young (129024K), 8 survivors (8192K)
 Metaspace       used 24971K, capacity 25581K, committed 25984K, reserved 1073152K
  class space    used 2806K, capacity 3082K, committed 3200K, reserved 1048576K
}
Event: 4338.882 GC heap after
{Heap after GC invocations=6 (full 0):
 garbage-first heap   total 262144K, used 21046K [0x0000000700000000, 0x0000000800000000)
  region size 1024K, 11 young (11264K), 11 survivors (11264K)
 Metaspace       used 24971K, capacity 25581K, committed 25984K, reserved 1073152K
  class space    used 2806K, capacity 3082K, committed 3200K, reserved 1048576K
}
Event: 149017.940 GC heap before
{Heap before GC invocations=6 (full 0):
 garbage-first heap   total 262144K, used 177718K [0x0000000700000000, 0x0000000800000000)
  region size 1024K, 153 young (156672K), 11 survivors (11264K)
 Metaspace       used 25299K, capacity 25907K, committed 26240K, reserved 1073152K
  class space    used 2810K, capacity 3083K, committed 3200K, reserved 1048576K
}
Event: 149017.967 GC heap after
{Heap after GC invocations=7 (full 0):
 garbage-first heap   total 262144K, used 32496K [0x0000000700000000, 0x0000000800000000)
  region size 1024K, 10 young (10240K), 10 survivors (10240K)
 Metaspace       used 25299K, capacity 25907K, committed 26240K, reserved 1073152K
  class space    used 2810K, capacity 3083K, committed 3200K, reserved 1048576K
}

